<?xml version="1.0" encoding="UTF-8"?>
<!-- Generated by org.testng.reporters.JUnitReportReporter -->
<testsuite skipped="0" hostname="Administrator" name="com.dyt.ors.regression.AdminProducts" tests="2" failures="0" timestamp="18 Jun 2020 16:34:24 GMT" time="41.716" errors="0">
  <testcase name="TC001_addMainCategory" time="19.561" classname="com.dyt.ors.regression.AdminProducts"/>
  <testcase name="TC002_addSubCategory" time="22.155" classname="com.dyt.ors.regression.AdminProducts"/>
</testsuite> <!-- com.dyt.ors.regression.AdminProducts -->
