<?xml version="1.0" encoding="UTF-8"?>
<!-- Generated by org.testng.reporters.JUnitReportReporter -->
<testsuite skipped="0" hostname="Administrator" name="com.dyt.ors.smoke.SmokeTestCases" tests="1" failures="0" timestamp="27 Jun 2020 03:21:30 GMT" time="23.988" errors="0">
  <testcase name="TC001_addMainCategory" time="23.988" classname="com.dyt.ors.smoke.SmokeTestCases"/>
</testsuite> <!-- com.dyt.ors.smoke.SmokeTestCases -->
